<?xml version="1.0" encoding="UTF-8"?>
<!-- Generated by org.testng.reporters.JUnitReportReporter -->
<testsuite skipped="0" hostname="Desta" name="runner.RunnerFilesTestNG" tests="5" failures="0" timestamp="2022-08-22T12:37:50 ICT" time="0.164" errors="0">
  <testcase name="runScenario" time="0.013" classname="runner.RunnerFilesTestNG"/>
  <system-out/>
  <testcase name="runScenario" time="0.130" classname="runner.RunnerFilesTestNG"/>
  <system-out/>
  <testcase name="runScenario" time="0.007" classname="runner.RunnerFilesTestNG"/>
  <system-out/>
  <testcase name="runScenario" time="0.009" classname="runner.RunnerFilesTestNG"/>
  <system-out/>
  <testcase name="runScenario" time="0.005" classname="runner.RunnerFilesTestNG"/>
  <system-out/>
</testsuite> <!-- runner.RunnerFilesTestNG -->
