<?xml version="1.0" encoding="UTF-8"?>
<!-- Generated by org.testng.reporters.JUnitReportReporter -->
<testsuite skipped="0" hostname="Desta" name="scrapProduct.scrapProduct" tests="1" failures="0" timestamp="2022-08-22T12:58:29 ICT" time="8.015" errors="0">
  <testcase name="testScroll" time="8.015" classname="scrapProduct.scrapProduct"/>
  <system-out/>
</testsuite> <!-- scrapProduct.scrapProduct -->
